<?xml version="1.0" encoding="UTF-8"?>
<!-- Generated by org.testng.reporters.JUnitXMLReporter -->
<testsuite ignored="0" hostname="KOLKAR" failures="0" tests="3" name="Default test" time="0.123" errors="0" timestamp="2022-10-19T21:48:27 IST">
  <testcase classname="tESTNGpavanSir.DataProviderTest" name="bookingTickets" time="0.018"/>
  <testcase classname="tESTNGpavanSir.DataProviderTest" name="bookingTickets" time="0.004"/>
  <testcase classname="tESTNGpavanSir.DataProviderTest" name="bookingTickets" time="0.002"/>
</testsuite> <!-- Default test -->
