<?xml version="1.0" encoding="UTF-8"?>
<testng-results ignored="0" total="3" passed="3" failed="0" skipped="0">
  <reporter-output>
  </reporter-output>
  <suite started-at="2022-10-19T21:48:27 IST" name="Default suite" finished-at="2022-10-19T21:48:27 IST" duration-ms="123">
    <groups>
    </groups>
    <test started-at="2022-10-19T21:48:27 IST" name="Default test" finished-at="2022-10-19T21:48:27 IST" duration-ms="123">
      <class name="tESTNGpavanSir.DataProviderTest">
        <test-method signature="bookingTickets(java.lang.String,java.lang.String)[pri:0, instance:tESTNGpavanSir.DataProviderTest@7fee8714]" started-at="2022-10-19T21:48:27 IST" name="bookingTickets" data-provider="getData" finished-at="2022-10-19T21:48:27 IST" duration-ms="18" status="PASS">
          <params>
            <param index="0">
              <value>
                <![CDATA[HYD]]>
              </value>
            </param>
            <param index="1">
              <value>
                <![CDATA[BNG]]>
              </value>
            </param>
          </params>
          <reporter-output>
          </reporter-output>
        </test-method> <!-- bookingTickets -->
        <test-method signature="bookingTickets(java.lang.String,java.lang.String)[pri:0, instance:tESTNGpavanSir.DataProviderTest@7fee8714]" started-at="2022-10-19T21:48:27 IST" name="bookingTickets" data-provider="getData" finished-at="2022-10-19T21:48:27 IST" duration-ms="4" status="PASS">
          <params>
            <param index="0">
              <value>
                <![CDATA[MUB]]>
              </value>
            </param>
            <param index="1">
              <value>
                <![CDATA[LKN]]>
              </value>
            </param>
          </params>
          <reporter-output>
          </reporter-output>
        </test-method> <!-- bookingTickets -->
        <test-method signature="bookingTickets(java.lang.String,java.lang.String)[pri:0, instance:tESTNGpavanSir.DataProviderTest@7fee8714]" started-at="2022-10-19T21:48:27 IST" name="bookingTickets" data-provider="getData" finished-at="2022-10-19T21:48:27 IST" duration-ms="2" status="PASS">
          <params>
            <param index="0">
              <value>
                <![CDATA[KOL]]>
              </value>
            </param>
            <param index="1">
              <value>
                <![CDATA[BUN]]>
              </value>
            </param>
          </params>
          <reporter-output>
          </reporter-output>
        </test-method> <!-- bookingTickets -->
      </class> <!-- tESTNGpavanSir.DataProviderTest -->
    </test> <!-- Default test -->
  </suite> <!-- Default suite -->
</testng-results>
