<?xml version="1.0" encoding="UTF-8"?>
<testng-results ignored="0" total="1" passed="1" failed="0" skipped="0">
  <reporter-output>
  </reporter-output>
  <suite started-at="2022-10-27T21:00:43 IST" name="Default suite" finished-at="2022-10-27T21:00:44 IST" duration-ms="731">
    <groups>
    </groups>
    <test started-at="2022-10-27T21:00:43 IST" name="Default test" finished-at="2022-10-27T21:00:44 IST" duration-ms="731">
      <class name="Demo.ReadJDBC">
        <test-method signature="readData()[pri:0, instance:Demo.ReadJDBC@3232a28a]" started-at="2022-10-27T21:00:43 IST" name="readData" finished-at="2022-10-27T21:00:44 IST" duration-ms="667" status="PASS">
          <reporter-output>
          </reporter-output>
        </test-method> <!-- readData -->
      </class> <!-- Demo.ReadJDBC -->
    </test> <!-- Default test -->
  </suite> <!-- Default suite -->
</testng-results>
